#
# There is insufficient memory for the Java Runtime Environment to continue.
# Native memory allocation (mmap) failed to map 65011712 bytes for G1 virtual space
# Possible reasons:
#   The system is out of physical RAM or swap space
#   The process is running with CompressedOops enabled, and the Java Heap may be blocking the growth of the native heap
# Possible solutions:
#   Reduce memory load on the system
#   Increase physical memory or swap space
#   Check if swap backing store is full
#   Decrease Java heap size (-Xmx/-Xms)
#   Decrease number of Java threads
#   Decrease Java thread stack sizes (-Xss)
#   Set larger code cache with -XX:ReservedCodeCacheSize=
#   JVM is running with Unscaled Compressed Oops mode in which the Java heap is
#     placed in the first 4GB address space. The Java Heap base address is the
#     maximum limit for the native heap growth. Please use -XX:HeapBaseMinAddress
#     to set the Java Heap base and to place the Java Heap above 4GB virtual address.
# This output file may be truncated or incomplete.
#
#  Out of Memory Error (os_windows.cpp:3600), pid=15212, tid=1932
#
# JRE version:  (21.0.1+12) (build )
# Java VM: Java HotSpot(TM) 64-Bit Server VM (21.0.1+12-LTS-29, mixed mode, sharing, tiered, compressed oops, compressed class ptrs, g1 gc, windows-amd64)
# No core dump will be written. Minidumps are not enabled by default on client versions of Windows
#

---------------  S U M M A R Y ------------

Command Line: -Dfile.encoding=UTF-8 --module-path=C:\Users\asus\Documents\NetBeansProjects\Lib_Management2\build\classes lib_management2.Lib_Management2

Host: Intel(R) Core(TM) i5-10210U CPU @ 1.60GHz, 8 cores, 3G,  Windows 11 , 64 bit Build 22621 (10.0.22621.2506)
Time: Mon Jan 15 19:44:53 2024 Malay Peninsula Standard Time elapsed time: 0.034898 seconds (0d 0h 0m 0s)

---------------  T H R E A D  ---------------

Current thread (0x000001ca309a8720):  JavaThread "Unknown thread" [_thread_in_vm, id=1932, stack(0x0000001936f00000,0x0000001937000000) (1024K)]

Stack: [0x0000001936f00000,0x0000001937000000]
Native frames: (J=compiled Java code, j=interpreted, Vv=VM code, C=native code)
V  [jvm.dll+0x6c9029]
V  [jvm.dll+0x854b81]
V  [jvm.dll+0x856e5e]
V  [jvm.dll+0x857543]
V  [jvm.dll+0x280c06]
V  [jvm.dll+0x6c5715]
V  [jvm.dll+0x6ba10a]
V  [jvm.dll+0x3557ea]
V  [jvm.dll+0x35d436]
V  [jvm.dll+0x3ae1be]
V  [jvm.dll+0x3ae468]
V  [jvm.dll+0x3291fc]
V  [jvm.dll+0x329d8b]
V  [jvm.dll+0x81d179]
V  [jvm.dll+0x3bb4f1]
V  [jvm.dll+0x805ae8]
V  [jvm.dll+0x44effe]
V  [jvm.dll+0x450901]
C  [jli.dll+0x52a3]
C  [ucrtbase.dll+0x29363]
C  [KERNEL32.DLL+0x1257d]
C  [ntdll.dll+0x5aa58]


---------------  P R O C E S S  ---------------

Threads class SMR info:
_java_thread_list=0x00007ffdafd99b88, length=0, elements={
}

Java Threads: ( => current thread )
Total: 0

Other Threads:
  0x000001ca30ccc890 WorkerThread "GC Thread#0"                     [id=14720, stack(0x0000001937000000,0x0000001937100000) (1024K)]
  0x000001ca30cd5d40 ConcurrentGCThread "G1 Main Marker"            [id=19128, stack(0x0000001937100000,0x0000001937200000) (1024K)]
  0x000001ca30cd6840 WorkerThread "G1 Conc#0"                       [id=17248, stack(0x0000001937200000,0x0000001937300000) (1024K)]

[error occurred during error reporting (printing all threads), id 0xc0000005, EXCEPTION_ACCESS_VIOLATION (0xc0000005) at pc=0x00007ffdaf50c2c7]
VM state: not at safepoint (not fully initialized)

VM Mutex/Monitor currently owned by a thread:  ([mutex/lock_event])
[0x00007ffdafe0a6f8] Heap_lock - owner thread: 0x000001ca309a8720

Heap address: 0x00000000c2400000, size: 988 MB, Compressed Oops mode: 32-bit

CDS archive(s) mapped at: [0x0000000000000000-0x0000000000000000-0x0000000000000000), size 0, SharedBaseAddress: 0x0000000800000000, ArchiveRelocationMode: 1.
Narrow klass base: 0x0000000000000000, Narrow klass shift: 0, Narrow klass range: 0x0

GC Precious Log:
 CardTable entry size: 512
 Card Set container configuration: InlinePtr #cards 5 size 8 Array Of Cards #cards 12 size 40 Howl #buckets 4 coarsen threshold 1843 Howl Bitmap #cards 512 size 80 coarsen threshold 460 Card regions per heap region 1 cards per card region 2048

Heap:
 garbage-first heap   total 0K, used 0K [0x00000000c2400000, 0x0000000100000000)
  region size 1024K, 0 young (0K), 0 survivors (0K)

[error occurred during error reporting (printing heap information), id 0xc0000005, EXCEPTION_ACCESS_VIOLATION (0xc0000005) at pc=0x00007ffdaf8f1be9]
GC Heap History (0 events):
No events

Dll operation events (1 events):
Event: 0.023 Loaded shared library C:\Program Files\Java\jdk-21\bin\java.dll

Deoptimization events (0 events):
No events

Classes loaded (0 events):
No events

Classes unloaded (0 events):
No events

Classes redefined (0 events):
No events

Internal exceptions (0 events):
No events

ZGC Phase Switch (0 events):
No events

VM Operations (0 events):
No events

Events (0 events):
No events


Dynamic libraries:
0x00007ff6779c0000 - 0x00007ff6779d0000 	C:\Program Files\Java\jdk-21\bin\java.exe
0x00007ffdfc970000 - 0x00007ffdfcb87000 	C:\WINDOWS\SYSTEM32\ntdll.dll
0x00007ffdfb0b0000 - 0x00007ffdfb174000 	C:\WINDOWS\System32\KERNEL32.DLL
0x00007ffdf9e70000 - 0x00007ffdfa216000 	C:\WINDOWS\System32\KERNELBASE.dll
0x00007ffdfa220000 - 0x00007ffdfa331000 	C:\WINDOWS\System32\ucrtbase.dll
0x00007ffde52b0000 - 0x00007ffde52cb000 	C:\Program Files\Java\jdk-21\bin\VCRUNTIME140.dll
0x00007ffde37b0000 - 0x00007ffde37c9000 	C:\Program Files\Java\jdk-21\bin\jli.dll
0x00007ffdfaa90000 - 0x00007ffdfab43000 	C:\WINDOWS\System32\ADVAPI32.dll
0x00007ffdfb580000 - 0x00007ffdfb627000 	C:\WINDOWS\System32\msvcrt.dll
0x00007ffdfac60000 - 0x00007ffdfad08000 	C:\WINDOWS\System32\sechost.dll
0x00007ffdf9e40000 - 0x00007ffdf9e68000 	C:\WINDOWS\System32\bcrypt.dll
0x00007ffdfae90000 - 0x00007ffdfafa7000 	C:\WINDOWS\System32\RPCRT4.dll
0x00007ffdfb640000 - 0x00007ffdfb7ee000 	C:\WINDOWS\System32\USER32.dll
0x00007ffdfa5f0000 - 0x00007ffdfa616000 	C:\WINDOWS\System32\win32u.dll
0x00007ffdfa8d0000 - 0x00007ffdfa8f9000 	C:\WINDOWS\System32\GDI32.dll
0x00007ffdf9d20000 - 0x00007ffdf9e38000 	C:\WINDOWS\System32\gdi32full.dll
0x00007ffdfa620000 - 0x00007ffdfa6ba000 	C:\WINDOWS\System32\msvcp_win.dll
0x00007ffddd090000 - 0x00007ffddd323000 	C:\WINDOWS\WinSxS\amd64_microsoft.windows.common-controls_6595b64144ccf1df_6.0.22621.2506_none_270c5ae97388e100\COMCTL32.dll
0x00007ffdefa50000 - 0x00007ffdefa5a000 	C:\WINDOWS\SYSTEM32\VERSION.dll
0x00007ffdfa900000 - 0x00007ffdfa931000 	C:\WINDOWS\System32\IMM32.DLL
0x00007ffdf1f80000 - 0x00007ffdf1f8c000 	C:\Program Files\Java\jdk-21\bin\vcruntime140_1.dll
0x00007ffde20e0000 - 0x00007ffde216e000 	C:\Program Files\Java\jdk-21\bin\msvcp140.dll
0x00007ffdaf1d0000 - 0x00007ffdafee5000 	C:\Program Files\Java\jdk-21\bin\server\jvm.dll
0x00007ffdfabe0000 - 0x00007ffdfac51000 	C:\WINDOWS\System32\WS2_32.dll
0x00007ffdf8af0000 - 0x00007ffdf8b3d000 	C:\WINDOWS\SYSTEM32\POWRPROF.dll
0x00007ffdef510000 - 0x00007ffdef544000 	C:\WINDOWS\SYSTEM32\WINMM.dll
0x00007ffdf8ad0000 - 0x00007ffdf8ae3000 	C:\WINDOWS\SYSTEM32\UMPDC.dll
0x00007ffdf8d90000 - 0x00007ffdf8da8000 	C:\WINDOWS\SYSTEM32\kernel.appcore.dll
0x00007ffdf1db0000 - 0x00007ffdf1dba000 	C:\Program Files\Java\jdk-21\bin\jimage.dll
0x00007ffdf42c0000 - 0x00007ffdf44f3000 	C:\WINDOWS\SYSTEM32\DBGHELP.DLL
0x00007ffdfb1f0000 - 0x00007ffdfb579000 	C:\WINDOWS\System32\combase.dll
0x00007ffdfc820000 - 0x00007ffdfc8f7000 	C:\WINDOWS\System32\OLEAUT32.dll
0x00007ffdd8260000 - 0x00007ffdd8292000 	C:\WINDOWS\SYSTEM32\dbgcore.DLL
0x00007ffdfa400000 - 0x00007ffdfa47a000 	C:\WINDOWS\System32\bcryptPrimitives.dll
0x00007ffde5200000 - 0x00007ffde521f000 	C:\Program Files\Java\jdk-21\bin\java.dll

dbghelp: loaded successfully - version: 4.0.5 - missing functions: none
symbol engine: initialized successfully - sym options: 0x614 - pdb path: .;C:\Program Files\Java\jdk-21\bin;C:\WINDOWS\SYSTEM32;C:\WINDOWS\WinSxS\amd64_microsoft.windows.common-controls_6595b64144ccf1df_6.0.22621.2506_none_270c5ae97388e100;C:\Program Files\Java\jdk-21\bin\server

VM Arguments:
jvm_args: -Dfile.encoding=UTF-8 --module-path=C:\Users\asus\Documents\NetBeansProjects\Lib_Management2\build\classes 
java_command: lib_management2.Lib_Management2
java_class_path (initial): C:\Users\asus\Downloads\RSCalendar.jar;C:\Users\asus\Downloads\RSFoto_v1.0.jar;C:\Users\asus\Downloads\mysql-connector-java-8.0.11.jar;C:\Users\asus\Downloads\RSTableMetro.jar;C:\Users\asus\Downloads\RojeruSan.parte1.jar;C:\Users\asus\Downloads\JFreeChart\jcommon-1.0.23.jar;C:\Users\asus\Downloads\JFreeChart\jfreechart-1.0.19.jar;C:\Users\asus\Documents\NetBeansProjects\Lib_Management2\build\classes
Launcher Type: SUN_STANDARD

[Global flags]
     intx CICompilerCount                          = 4                                         {product} {ergonomic}
     uint ConcGCThreads                            = 2                                         {product} {ergonomic}
     uint G1ConcRefinementThreads                  = 8                                         {product} {ergonomic}
   size_t G1HeapRegionSize                         = 1048576                                   {product} {ergonomic}
    uintx GCDrainStackTargetSize                   = 64                                        {product} {ergonomic}
   size_t InitialHeapSize                          = 65011712                                  {product} {ergonomic}
   size_t MarkStackSize                            = 4194304                                   {product} {ergonomic}
   size_t MaxHeapSize                              = 1035993088                                {product} {ergonomic}
   size_t MinHeapDeltaBytes                        = 1048576                                   {product} {ergonomic}
   size_t MinHeapSize                              = 8388608                                   {product} {ergonomic}
    uintx NonNMethodCodeHeapSize                   = 5839372                                {pd product} {ergonomic}
    uintx NonProfiledCodeHeapSize                  = 122909434                              {pd product} {ergonomic}
    uintx ProfiledCodeHeapSize                     = 122909434                              {pd product} {ergonomic}
    uintx ReservedCodeCacheSize                    = 251658240                              {pd product} {ergonomic}
     bool SegmentedCodeCache                       = true                                      {product} {ergonomic}
   size_t SoftMaxHeapSize                          = 1035993088                             {manageable} {ergonomic}
     bool UseCompressedOops                        = true                           {product lp64_product} {ergonomic}
     bool UseG1GC                                  = true                                      {product} {ergonomic}
     bool UseLargePagesIndividualAllocation        = false                                  {pd product} {ergonomic}

Logging:
Log output configuration:
 #0: stdout all=warning uptime,level,tags foldmultilines=false
 #1: stderr all=off uptime,level,tags foldmultilines=false

Environment Variables:
JAVA_HOME=C:\Users\asus\AppData\Local\Programs\Eclipse Adoptium\jdk-17.0.9.9-hotspot\
PATH=C:\Program Files\Common Files\Oracle\Java\javapath;C:\oraclexe\app\oracle\product\11.2.0\server\bin;C:\Program Files\Eclipse Adoptium\jdk-21.0.1.12-hotspot\bin;C:\WINDOWS\system32;C:\WINDOWS;C:\WINDOWS\System32\Wbem;C:\WINDOWS\System32\WindowsPowerShell\v1.0\;C:\WINDOWS\System32\OpenSSH\;C:\Program Files\Git\cmd;C:\Program Files\nodejs\;C:\Program Files\nodejs\npm.cmd;C:\Program Files\nodejs;C:\Users\asus\Downloads\sqldeveloper;C:\Users\asus\Downloads\sqldeveloper-20.2.0.175.1842-x64 (1)\sqldeveloper;C:\Users\asus\AppData\Local\Programs\Eclipse Adoptium\jdk-17.0.9.9-hotspot\bin;C:\Program Files\MySQL\MySQL Shell 8.0\bin\;C:\Users\asus\AppData\Local\Microsoft\WindowsApps;C:\Users\Microsoft VS Code\bin;C:\Users\asus\AppData\Roaming\npm;C:\Program Files\nodejs;C:\Users\asus\Downloads\sqldeveloper;C:\Users\asus\Downloads\sqldeveloper-20.2.0.175.1842-x64 (1)\sqldeveloper;C:\Program Files\Java\jdk-21\bin;
USERNAME=asus
OS=Windows_NT
PROCESSOR_IDENTIFIER=Intel64 Family 6 Model 142 Stepping 12, GenuineIntel
TMP=C:\Users\asus\AppData\Local\Temp
TEMP=C:\Users\asus\AppData\Local\Temp




Periodic native trim disabled

---------------  S Y S T E M  ---------------

OS:
 Windows 11 , 64 bit Build 22621 (10.0.22621.2506)
OS uptime: 0 days 20:16 hours
Hyper-V role detected

CPU: total 8 (initial active 8) (4 cores per cpu, 2 threads per core) family 6 model 142 stepping 12 microcode 0xde, cx8, cmov, fxsr, ht, mmx, 3dnowpref, sse, sse2, sse3, ssse3, sse4.1, sse4.2, popcnt, lzcnt, tsc, tscinvbit, avx, avx2, aes, erms, clmul, bmi1, bmi2, adx, fma, vzeroupper, clflush, clflushopt, hv, rdtscp, f16c
Processor Information for processor 0
  Max Mhz: 2112, Current Mhz: 1609, Mhz Limit: 1605
Processor Information for processor 1
  Max Mhz: 2112, Current Mhz: 1609, Mhz Limit: 1605
Processor Information for processor 2
  Max Mhz: 2112, Current Mhz: 1609, Mhz Limit: 1605
Processor Information for processor 3
  Max Mhz: 2112, Current Mhz: 1508, Mhz Limit: 1605
Processor Information for processor 4
  Max Mhz: 2112, Current Mhz: 1609, Mhz Limit: 1605
Processor Information for processor 5
  Max Mhz: 2112, Current Mhz: 1609, Mhz Limit: 1605
Processor Information for processor 6
  Max Mhz: 2112, Current Mhz: 1609, Mhz Limit: 1605
Processor Information for processor 7
  Max Mhz: 2112, Current Mhz: 1609, Mhz Limit: 1605

Memory: 4k page, system-wide physical 3947M (102M free)
TotalPageFile size 16235M (AvailPageFile size 56M)
current process WorkingSet (physical memory assigned to process): 11M, peak: 11M
current process commit charge ("private bytes"): 60M, peak: 121M

vm_info: Java HotSpot(TM) 64-Bit Server VM (21.0.1+12-LTS-29) for windows-amd64 JRE (21.0.1+12-LTS-29), built on 2023-10-05T13:27:09Z by "mach5one" with MS VC++ 17.1 (VS2022)

END.
